{
  "RSpec": {
    "coverage": {
      "/Users/James/Projects/week10/Bank/spec/account_spec.rb": [
        1,
        null,
        1,
        1,
        7,
        null,
        null,
        null,
        null,
        null,
        null,
        1,
        1,
        4,
        null,
        null,
        1,
        4,
        4,
        4,
        null,
        null,
        null,
        null,
        null,
        null,
        null,
        1,
        1,
        1,
        4,
        4,
        null,
        null,
        1,
        2,
        null,
        null,
        null,
        null,
        null,
        null,
        null,
        1,
        1,
        1,
        null,
        null,
        1,
        1,
        1,
        null,
        null,
        null,
        null,
        null,
        null,
        null,
        1,
        1,
        1,
        null,
        null,
        null
      ],
      "/Users/James/Projects/week10/Bank/models/account.rb": [
        1,
        1,
        null,
        1,
        1,
        null,
        1,
        null,
        1,
        7,
        7,
        null,
        null,
        1,
        6,
        6,
        6,
        null,
        null,
        1,
        3,
        2,
        2,
        2,
        2,
        null,
        null,
        1,
        9,
        null,
        null,
        1,
        null,
        1,
        8,
        null,
        null,
        1,
        3,
        null,
        null
      ],
      "/Users/James/Projects/week10/Bank/models/statement.rb": [
        1,
        1,
        null,
        1,
        10,
        10,
        null,
        null,
        1,
        12,
        null,
        null,
        1,
        1,
        1,
        2,
        1,
        null,
        1,
        null,
        null,
        null,
        null
      ],
      "/Users/James/Projects/week10/Bank/models/printer.rb": [
        1,
        1,
        2,
        null,
        null,
        1,
        2,
        null,
        null
      ],
      "/Users/James/Projects/week10/Bank/spec/printer_spec.rb": [
        1,
        null,
        1,
        1,
        1,
        1,
        2,
        null,
        null,
        null
      ],
      "/Users/James/Projects/week10/Bank/spec/statement_spec.rb": [
        1,
        null,
        1,
        1,
        3,
        null,
        null,
        1,
        1,
        1,
        null,
        null,
        null,
        1,
        1,
        1,
        1,
        1,
        4,
        4,
        null,
        null,
        null,
        1,
        1,
        1,
        1,
        1,
        1,
        1,
        1,
        1,
        1,
        2,
        null,
        null,
        null
      ]
    },
    "timestamp": 1509377688
  }
}
